<?xml version="1.0" encoding="UTF-8"?>
<!-- Generated by org.testng.reporters.JUnitXMLReporter -->
<testsuite ignored="0" hostname="DESKTOP-KA33488" failures="0" tests="3" name="Surefire test" time="0.032" errors="0" timestamp="2025-03-17T17:36:58 GMT+07:00">
  <testcase classname="StudentTest" name="TestAge" time="0.004"/>
  <testcase classname="StudentTest" name="TestGetName" time="0.0"/>
  <testcase classname="StudentTest" name="updateName" time="0.0"/>
</testsuite> <!-- Surefire test -->
