<?xml version="1.0" encoding="UTF-8"?>
<testng-results ignored="0" total="3" passed="3" failed="0" skipped="0">
  <reporter-output>
  </reporter-output>
  <suite started-at="2025-03-17T17:36:58 GMT+07:00" name="Surefire suite" finished-at="2025-03-17T17:36:58 GMT+07:00" duration-ms="32">
    <groups>
    </groups>
    <test started-at="2025-03-17T17:36:58 GMT+07:00" name="Surefire test" finished-at="2025-03-17T17:36:58 GMT+07:00" duration-ms="32">
      <class name="StudentTest">
        <test-method signature="TestAge()[pri:0, instance:StudentTest@19d37183]" started-at="2025-03-17T17:36:58 GMT+07:00" name="TestAge" finished-at="2025-03-17T17:36:58 GMT+07:00" duration-ms="4" status="PASS">
          <reporter-output>
          </reporter-output>
        </test-method> <!-- TestAge -->
        <test-method signature="TestGetName()[pri:0, instance:StudentTest@19d37183]" started-at="2025-03-17T17:36:58 GMT+07:00" name="TestGetName" finished-at="2025-03-17T17:36:58 GMT+07:00" duration-ms="0" status="PASS">
          <reporter-output>
          </reporter-output>
        </test-method> <!-- TestGetName -->
        <test-method signature="updateName()[pri:0, instance:StudentTest@19d37183]" started-at="2025-03-17T17:36:58 GMT+07:00" name="updateName" finished-at="2025-03-17T17:36:58 GMT+07:00" duration-ms="0" status="PASS">
          <reporter-output>
          </reporter-output>
        </test-method> <!-- updateName -->
      </class> <!-- StudentTest -->
    </test> <!-- Surefire test -->
  </suite> <!-- Surefire suite -->
</testng-results>
